2017/12/25 12:27:19 [error] [php] htmlspecialchars() expects parameter 1 to be string, array given (D:\OpenServer\domains\Yiimessanger\framework\web\helpers\CHtml.php:108)
Stack trace:
#0 D:\OpenServer\domains\Yiimessanger\framework\web\helpers\CHtml.php(163): renderAttributes()
#1 D:\OpenServer\domains\Yiimessanger\framework\web\helpers\CHtml.php(480): tag()
#2 D:\OpenServer\domains\Yiimessanger\Yiimessanger\protected\views\site\login.php(48): button()
#3 D:\OpenServer\domains\Yiimessanger\framework\web\CBaseController.php(126): require()
#4 D:\OpenServer\domains\Yiimessanger\framework\web\CBaseController.php(95): SiteController->renderInternal()
#5 D:\OpenServer\domains\Yiimessanger\framework\web\CController.php(872): SiteController->renderFile()
#6 D:\OpenServer\domains\Yiimessanger\framework\web\CController.php(785): SiteController->renderPartial()
#7 D:\OpenServer\domains\Yiimessanger\Yiimessanger\protected\controllers\SiteController.php(98): SiteController->render()
#8 D:\OpenServer\domains\Yiimessanger\framework\web\actions\CInlineAction.php(49): SiteController->actionLogin()
#9 D:\OpenServer\domains\Yiimessanger\framework\web\CController.php(308): CInlineAction->runWithParams()
#10 D:\OpenServer\domains\Yiimessanger\framework\web\CController.php(286): SiteController->runAction()
#11 D:\OpenServer\domains\Yiimessanger\framework\web\CController.php(265): SiteController->runActionWithFilters()
#12 D:\OpenServer\domains\Yiimessanger\framework\web\CWebApplication.php(282): SiteController->run()
#13 D:\OpenServer\domains\Yiimessanger\framework\web\CWebApplication.php(141): CWebApplication->runController()
#14 D:\OpenServer\domains\Yiimessanger\framework\base\CApplication.php(185): CWebApplication->processRequest()
#15 D:\OpenServer\domains\Yiimessanger\Yiimessanger\index.php(13): CWebApplication->run()
REQUEST_URI=/Yiimessanger/index.php?r=site/login
in D:\OpenServer\domains\Yiimessanger\Yiimessanger\protected\views\site\login.php (48)
in D:\OpenServer\domains\Yiimessanger\Yiimessanger\protected\controllers\SiteController.php (98)
in D:\OpenServer\domains\Yiimessanger\Yiimessanger\index.php (13)
2017/12/25 12:28:02 [error] [php] htmlspecialchars() expects parameter 1 to be string, array given (D:\OpenServer\domains\Yiimessanger\framework\web\helpers\CHtml.php:108)
Stack trace:
#0 D:\OpenServer\domains\Yiimessanger\framework\web\helpers\CHtml.php(163): renderAttributes()
#1 D:\OpenServer\domains\Yiimessanger\framework\web\helpers\CHtml.php(480): tag()
#2 D:\OpenServer\domains\Yiimessanger\Yiimessanger\protected\views\site\login.php(48): button()
#3 D:\OpenServer\domains\Yiimessanger\framework\web\CBaseController.php(126): require()
#4 D:\OpenServer\domains\Yiimessanger\framework\web\CBaseController.php(95): SiteController->renderInternal()
#5 D:\OpenServer\domains\Yiimessanger\framework\web\CController.php(872): SiteController->renderFile()
#6 D:\OpenServer\domains\Yiimessanger\framework\web\CController.php(785): SiteController->renderPartial()
#7 D:\OpenServer\domains\Yiimessanger\Yiimessanger\protected\controllers\SiteController.php(98): SiteController->render()
#8 D:\OpenServer\domains\Yiimessanger\framework\web\actions\CInlineAction.php(49): SiteController->actionLogin()
#9 D:\OpenServer\domains\Yiimessanger\framework\web\CController.php(308): CInlineAction->runWithParams()
#10 D:\OpenServer\domains\Yiimessanger\framework\web\CController.php(286): SiteController->runAction()
#11 D:\OpenServer\domains\Yiimessanger\framework\web\CController.php(265): SiteController->runActionWithFilters()
#12 D:\OpenServer\domains\Yiimessanger\framework\web\CWebApplication.php(282): SiteController->run()
#13 D:\OpenServer\domains\Yiimessanger\framework\web\CWebApplication.php(141): CWebApplication->runController()
#14 D:\OpenServer\domains\Yiimessanger\framework\base\CApplication.php(185): CWebApplication->processRequest()
#15 D:\OpenServer\domains\Yiimessanger\Yiimessanger\index.php(13): CWebApplication->run()
REQUEST_URI=/Yiimessanger/index.php?r=site/login
in D:\OpenServer\domains\Yiimessanger\Yiimessanger\protected\views\site\login.php (48)
in D:\OpenServer\domains\Yiimessanger\Yiimessanger\protected\controllers\SiteController.php (98)
in D:\OpenServer\domains\Yiimessanger\Yiimessanger\index.php (13)
2017/12/25 12:28:03 [error] [php] htmlspecialchars() expects parameter 1 to be string, array given (D:\OpenServer\domains\Yiimessanger\framework\web\helpers\CHtml.php:108)
Stack trace:
#0 D:\OpenServer\domains\Yiimessanger\framework\web\helpers\CHtml.php(163): renderAttributes()
#1 D:\OpenServer\domains\Yiimessanger\framework\web\helpers\CHtml.php(480): tag()
#2 D:\OpenServer\domains\Yiimessanger\Yiimessanger\protected\views\site\login.php(48): button()
#3 D:\OpenServer\domains\Yiimessanger\framework\web\CBaseController.php(126): require()
#4 D:\OpenServer\domains\Yiimessanger\framework\web\CBaseController.php(95): SiteController->renderInternal()
#5 D:\OpenServer\domains\Yiimessanger\framework\web\CController.php(872): SiteController->renderFile()
#6 D:\OpenServer\domains\Yiimessanger\framework\web\CController.php(785): SiteController->renderPartial()
#7 D:\OpenServer\domains\Yiimessanger\Yiimessanger\protected\controllers\SiteController.php(98): SiteController->render()
#8 D:\OpenServer\domains\Yiimessanger\framework\web\actions\CInlineAction.php(49): SiteController->actionLogin()
#9 D:\OpenServer\domains\Yiimessanger\framework\web\CController.php(308): CInlineAction->runWithParams()
#10 D:\OpenServer\domains\Yiimessanger\framework\web\CController.php(286): SiteController->runAction()
#11 D:\OpenServer\domains\Yiimessanger\framework\web\CController.php(265): SiteController->runActionWithFilters()
#12 D:\OpenServer\domains\Yiimessanger\framework\web\CWebApplication.php(282): SiteController->run()
#13 D:\OpenServer\domains\Yiimessanger\framework\web\CWebApplication.php(141): CWebApplication->runController()
#14 D:\OpenServer\domains\Yiimessanger\framework\base\CApplication.php(185): CWebApplication->processRequest()
#15 D:\OpenServer\domains\Yiimessanger\Yiimessanger\index.php(13): CWebApplication->run()
REQUEST_URI=/Yiimessanger/index.php?r=site/login
in D:\OpenServer\domains\Yiimessanger\Yiimessanger\protected\views\site\login.php (48)
in D:\OpenServer\domains\Yiimessanger\Yiimessanger\protected\controllers\SiteController.php (98)
in D:\OpenServer\domains\Yiimessanger\Yiimessanger\index.php (13)
2017/12/25 12:28:29 [error] [php] htmlspecialchars() expects parameter 1 to be string, array given (D:\OpenServer\domains\Yiimessanger\framework\web\helpers\CHtml.php:108)
Stack trace:
#0 D:\OpenServer\domains\Yiimessanger\framework\web\helpers\CHtml.php(163): renderAttributes()
#1 D:\OpenServer\domains\Yiimessanger\framework\web\helpers\CHtml.php(480): tag()
#2 D:\OpenServer\domains\Yiimessanger\Yiimessanger\protected\views\site\login.php(48): button()
#3 D:\OpenServer\domains\Yiimessanger\framework\web\CBaseController.php(126): require()
#4 D:\OpenServer\domains\Yiimessanger\framework\web\CBaseController.php(95): SiteController->renderInternal()
#5 D:\OpenServer\domains\Yiimessanger\framework\web\CController.php(872): SiteController->renderFile()
#6 D:\OpenServer\domains\Yiimessanger\framework\web\CController.php(785): SiteController->renderPartial()
#7 D:\OpenServer\domains\Yiimessanger\Yiimessanger\protected\controllers\SiteController.php(98): SiteController->render()
#8 D:\OpenServer\domains\Yiimessanger\framework\web\actions\CInlineAction.php(49): SiteController->actionLogin()
#9 D:\OpenServer\domains\Yiimessanger\framework\web\CController.php(308): CInlineAction->runWithParams()
#10 D:\OpenServer\domains\Yiimessanger\framework\web\CController.php(286): SiteController->runAction()
#11 D:\OpenServer\domains\Yiimessanger\framework\web\CController.php(265): SiteController->runActionWithFilters()
#12 D:\OpenServer\domains\Yiimessanger\framework\web\CWebApplication.php(282): SiteController->run()
#13 D:\OpenServer\domains\Yiimessanger\framework\web\CWebApplication.php(141): CWebApplication->runController()
#14 D:\OpenServer\domains\Yiimessanger\framework\base\CApplication.php(185): CWebApplication->processRequest()
#15 D:\OpenServer\domains\Yiimessanger\Yiimessanger\index.php(13): CWebApplication->run()
REQUEST_URI=/Yiimessanger/index.php?r=site/login
in D:\OpenServer\domains\Yiimessanger\Yiimessanger\protected\views\site\login.php (48)
in D:\OpenServer\domains\Yiimessanger\Yiimessanger\protected\controllers\SiteController.php (98)
in D:\OpenServer\domains\Yiimessanger\Yiimessanger\index.php (13)
2017/12/25 12:42:45 [error] [exception.CHttpException.404] CHttpException: Unable to resolve the request "Yiimessanger/index.php?r=site". in D:\OpenServer\domains\Yiimessanger\framework\web\CWebApplication.php:286
Stack trace:
#0 D:\OpenServer\domains\Yiimessanger\framework\web\CWebApplication.php(141): CWebApplication->runController('Yiimessanger/in...')
#1 D:\OpenServer\domains\Yiimessanger\framework\base\CApplication.php(185): CWebApplication->processRequest()
#2 D:\OpenServer\domains\Yiimessanger\Yiimessanger\index.php(13): CApplication->run()
#3 {main}
REQUEST_URI=/Yiimessanger/index.php?r=Yiimessanger/index.php?r=site
HTTP_REFERER=http://yiimessanger/Yiimessanger/index.php?r=site/login
---
2017/12/25 12:42:58 [error] [exception.CHttpException.404] CHttpException: Unable to resolve the request "Yiimessanger/index.php?r=site/index". in D:\OpenServer\domains\Yiimessanger\framework\web\CWebApplication.php:286
Stack trace:
#0 D:\OpenServer\domains\Yiimessanger\framework\web\CWebApplication.php(141): CWebApplication->runController('Yiimessanger/in...')
#1 D:\OpenServer\domains\Yiimessanger\framework\base\CApplication.php(185): CWebApplication->processRequest()
#2 D:\OpenServer\domains\Yiimessanger\Yiimessanger\index.php(13): CApplication->run()
#3 {main}
REQUEST_URI=/Yiimessanger/index.php?r=Yiimessanger/index.php?r=site/index
HTTP_REFERER=http://yiimessanger/Yiimessanger/index.php?r=site/login
---
2017/12/25 12:57:38 [error] [exception.CDbException] CDbException: CDbConnection failed to open the DB connection: SQLSTATE[HY000] [1045] Access denied for user 'root'@'localhost' (using password: YES) in D:\OpenServer\domains\Yiimessanger\framework\db\CDbConnection.php:399
Stack trace:
#0 D:\OpenServer\domains\Yiimessanger\framework\db\CDbConnection.php(347): CDbConnection->open()
#1 D:\OpenServer\domains\Yiimessanger\framework\db\CDbConnection.php(325): CDbConnection->setActive(true)
#2 D:\OpenServer\domains\Yiimessanger\framework\base\CModule.php(394): CDbConnection->init()
#3 D:\OpenServer\domains\Yiimessanger\framework\base\CModule.php(103): CModule->getComponent('db')
#4 D:\OpenServer\domains\Yiimessanger\framework\gii\generators\crud\CrudCode.php(44): CModule->__get('db')
#5 D:\OpenServer\domains\Yiimessanger\framework\web\CFormModel.php(39): CrudCode->init()
#6 D:\OpenServer\domains\Yiimessanger\framework\gii\CCodeGenerator.php(153): CFormModel->__construct()
#7 D:\OpenServer\domains\Yiimessanger\framework\gii\CCodeGenerator.php(63): CCodeGenerator->prepare()
#8 D:\OpenServer\domains\Yiimessanger\framework\web\actions\CInlineAction.php(49): CCodeGenerator->actionIndex()
#9 D:\OpenServer\domains\Yiimessanger\framework\web\CController.php(308): CInlineAction->runWithParams(Array)
#10 D:\OpenServer\domains\Yiimessanger\framework\web\CController.php(286): CController->runAction(Object(CInlineAction))
#11 D:\OpenServer\domains\Yiimessanger\framework\web\CController.php(265): CController->runActionWithFilters(Object(CInlineAction), Array)
#12 D:\OpenServer\domains\Yiimessanger\framework\web\CWebApplication.php(282): CController->run('index')
#13 D:\OpenServer\domains\Yiimessanger\framework\web\CWebApplication.php(141): CWebApplication->runController('gii/crud/index')
#14 D:\OpenServer\domains\Yiimessanger\framework\base\CApplication.php(185): CWebApplication->processRequest()
#15 D:\OpenServer\domains\Yiimessanger\Yiimessanger\index.php(13): CApplication->run()
#16 {main}
REQUEST_URI=/Yiimessanger/index.php?r=gii/crud/index
HTTP_REFERER=http://yiimessanger/Yiimessanger/index.php?r=gii/default/index
---
2017/12/25 12:58:09 [error] [exception.CDbException] CDbException: CDbConnection failed to open the DB connection: SQLSTATE[HY000] [1045] Access denied for user 'root'@'localhost' (using password: YES) in D:\OpenServer\domains\Yiimessanger\framework\db\CDbConnection.php:399
Stack trace:
#0 D:\OpenServer\domains\Yiimessanger\framework\db\CDbConnection.php(347): CDbConnection->open()
#1 D:\OpenServer\domains\Yiimessanger\framework\db\CDbConnection.php(325): CDbConnection->setActive(true)
#2 D:\OpenServer\domains\Yiimessanger\framework\base\CModule.php(394): CDbConnection->init()
#3 D:\OpenServer\domains\Yiimessanger\framework\base\CModule.php(103): CModule->getComponent('db')
#4 D:\OpenServer\domains\Yiimessanger\framework\gii\generators\crud\CrudCode.php(44): CModule->__get('db')
#5 D:\OpenServer\domains\Yiimessanger\framework\web\CFormModel.php(39): CrudCode->init()
#6 D:\OpenServer\domains\Yiimessanger\framework\gii\CCodeGenerator.php(153): CFormModel->__construct()
#7 D:\OpenServer\domains\Yiimessanger\framework\gii\CCodeGenerator.php(63): CCodeGenerator->prepare()
#8 D:\OpenServer\domains\Yiimessanger\framework\web\actions\CInlineAction.php(49): CCodeGenerator->actionIndex()
#9 D:\OpenServer\domains\Yiimessanger\framework\web\CController.php(308): CInlineAction->runWithParams(Array)
#10 D:\OpenServer\domains\Yiimessanger\framework\web\CController.php(286): CController->runAction(Object(CInlineAction))
#11 D:\OpenServer\domains\Yiimessanger\framework\web\CController.php(265): CController->runActionWithFilters(Object(CInlineAction), Array)
#12 D:\OpenServer\domains\Yiimessanger\framework\web\CWebApplication.php(282): CController->run('index')
#13 D:\OpenServer\domains\Yiimessanger\framework\web\CWebApplication.php(141): CWebApplication->runController('gii/crud/index')
#14 D:\OpenServer\domains\Yiimessanger\framework\base\CApplication.php(185): CWebApplication->processRequest()
#15 D:\OpenServer\domains\Yiimessanger\Yiimessanger\index.php(13): CApplication->run()
#16 {main}
REQUEST_URI=/Yiimessanger/index.php?r=gii/crud/index
HTTP_REFERER=http://yiimessanger/Yiimessanger/index.php?r=gii/default/index
---
2017/12/25 12:58:14 [error] [exception.CDbException] CDbException: CDbConnection failed to open the DB connection: SQLSTATE[HY000] [1045] Access denied for user 'root'@'localhost' (using password: YES) in D:\OpenServer\domains\Yiimessanger\framework\db\CDbConnection.php:399
Stack trace:
#0 D:\OpenServer\domains\Yiimessanger\framework\db\CDbConnection.php(347): CDbConnection->open()
#1 D:\OpenServer\domains\Yiimessanger\framework\db\CDbConnection.php(325): CDbConnection->setActive(true)
#2 D:\OpenServer\domains\Yiimessanger\framework\base\CModule.php(394): CDbConnection->init()
#3 D:\OpenServer\domains\Yiimessanger\framework\base\CModule.php(103): CModule->getComponent('db')
#4 D:\OpenServer\domains\Yiimessanger\framework\gii\generators\model\ModelCode.php(60): CModule->__get('db')
#5 D:\OpenServer\domains\Yiimessanger\framework\web\CFormModel.php(39): ModelCode->init()
#6 D:\OpenServer\domains\Yiimessanger\framework\gii\CCodeGenerator.php(153): CFormModel->__construct()
#7 D:\OpenServer\domains\Yiimessanger\framework\gii\CCodeGenerator.php(63): CCodeGenerator->prepare()
#8 D:\OpenServer\domains\Yiimessanger\framework\web\actions\CInlineAction.php(49): CCodeGenerator->actionIndex()
#9 D:\OpenServer\domains\Yiimessanger\framework\web\CController.php(308): CInlineAction->runWithParams(Array)
#10 D:\OpenServer\domains\Yiimessanger\framework\web\CController.php(286): CController->runAction(Object(CInlineAction))
#11 D:\OpenServer\domains\Yiimessanger\framework\web\CController.php(265): CController->runActionWithFilters(Object(CInlineAction), Array)
#12 D:\OpenServer\domains\Yiimessanger\framework\web\CWebApplication.php(282): CController->run('index')
#13 D:\OpenServer\domains\Yiimessanger\framework\web\CWebApplication.php(141): CWebApplication->runController('gii/model/index')
#14 D:\OpenServer\domains\Yiimessanger\framework\base\CApplication.php(185): CWebApplication->processRequest()
#15 D:\OpenServer\domains\Yiimessanger\Yiimessanger\index.php(13): CApplication->run()
#16 {main}
REQUEST_URI=/Yiimessanger/index.php?r=gii/model/index
HTTP_REFERER=http://yiimessanger/Yiimessanger/index.php?r=gii/default/index
---
2017/12/25 13:01:15 [error] [exception.CDbException] CDbException: CDbConnection failed to open the DB connection: SQLSTATE[HY000] [1045] Access denied for user 'root'@'localhost' (using password: YES) in D:\OpenServer\domains\Yiimessanger\framework\db\CDbConnection.php:399
Stack trace:
#0 D:\OpenServer\domains\Yiimessanger\framework\db\CDbConnection.php(347): CDbConnection->open()
#1 D:\OpenServer\domains\Yiimessanger\framework\db\CDbConnection.php(325): CDbConnection->setActive(true)
#2 D:\OpenServer\domains\Yiimessanger\framework\base\CModule.php(394): CDbConnection->init()
#3 D:\OpenServer\domains\Yiimessanger\framework\base\CModule.php(103): CModule->getComponent('db')
#4 D:\OpenServer\domains\Yiimessanger\framework\gii\generators\model\ModelCode.php(60): CModule->__get('db')
#5 D:\OpenServer\domains\Yiimessanger\framework\web\CFormModel.php(39): ModelCode->init()
#6 D:\OpenServer\domains\Yiimessanger\framework\gii\CCodeGenerator.php(153): CFormModel->__construct()
#7 D:\OpenServer\domains\Yiimessanger\framework\gii\CCodeGenerator.php(63): CCodeGenerator->prepare()
#8 D:\OpenServer\domains\Yiimessanger\framework\web\actions\CInlineAction.php(49): CCodeGenerator->actionIndex()
#9 D:\OpenServer\domains\Yiimessanger\framework\web\CController.php(308): CInlineAction->runWithParams(Array)
#10 D:\OpenServer\domains\Yiimessanger\framework\web\CController.php(286): CController->runAction(Object(CInlineAction))
#11 D:\OpenServer\domains\Yiimessanger\framework\web\CController.php(265): CController->runActionWithFilters(Object(CInlineAction), Array)
#12 D:\OpenServer\domains\Yiimessanger\framework\web\CWebApplication.php(282): CController->run('index')
#13 D:\OpenServer\domains\Yiimessanger\framework\web\CWebApplication.php(141): CWebApplication->runController('gii/model/index')
#14 D:\OpenServer\domains\Yiimessanger\framework\base\CApplication.php(185): CWebApplication->processRequest()
#15 D:\OpenServer\domains\Yiimessanger\Yiimessanger\index.php(13): CApplication->run()
#16 {main}
REQUEST_URI=/Yiimessanger/index.php?r=gii/model/index
HTTP_REFERER=http://yiimessanger/Yiimessanger/index.php?r=gii/default/index
---
2017/12/25 13:01:16 [error] [exception.CDbException] CDbException: CDbConnection failed to open the DB connection: SQLSTATE[HY000] [1045] Access denied for user 'root'@'localhost' (using password: YES) in D:\OpenServer\domains\Yiimessanger\framework\db\CDbConnection.php:399
Stack trace:
#0 D:\OpenServer\domains\Yiimessanger\framework\db\CDbConnection.php(347): CDbConnection->open()
#1 D:\OpenServer\domains\Yiimessanger\framework\db\CDbConnection.php(325): CDbConnection->setActive(true)
#2 D:\OpenServer\domains\Yiimessanger\framework\base\CModule.php(394): CDbConnection->init()
#3 D:\OpenServer\domains\Yiimessanger\framework\base\CModule.php(103): CModule->getComponent('db')
#4 D:\OpenServer\domains\Yiimessanger\framework\gii\generators\model\ModelCode.php(60): CModule->__get('db')
#5 D:\OpenServer\domains\Yiimessanger\framework\web\CFormModel.php(39): ModelCode->init()
#6 D:\OpenServer\domains\Yiimessanger\framework\gii\CCodeGenerator.php(153): CFormModel->__construct()
#7 D:\OpenServer\domains\Yiimessanger\framework\gii\CCodeGenerator.php(63): CCodeGenerator->prepare()
#8 D:\OpenServer\domains\Yiimessanger\framework\web\actions\CInlineAction.php(49): CCodeGenerator->actionIndex()
#9 D:\OpenServer\domains\Yiimessanger\framework\web\CController.php(308): CInlineAction->runWithParams(Array)
#10 D:\OpenServer\domains\Yiimessanger\framework\web\CController.php(286): CController->runAction(Object(CInlineAction))
#11 D:\OpenServer\domains\Yiimessanger\framework\web\CController.php(265): CController->runActionWithFilters(Object(CInlineAction), Array)
#12 D:\OpenServer\domains\Yiimessanger\framework\web\CWebApplication.php(282): CController->run('index')
#13 D:\OpenServer\domains\Yiimessanger\framework\web\CWebApplication.php(141): CWebApplication->runController('gii/model/index')
#14 D:\OpenServer\domains\Yiimessanger\framework\base\CApplication.php(185): CWebApplication->processRequest()
#15 D:\OpenServer\domains\Yiimessanger\Yiimessanger\index.php(13): CApplication->run()
#16 {main}
REQUEST_URI=/Yiimessanger/index.php?r=gii/model/index
HTTP_REFERER=http://yiimessanger/Yiimessanger/index.php?r=gii/default/index
---
2017/12/25 13:01:20 [error] [exception.CDbException] CDbException: CDbConnection failed to open the DB connection: SQLSTATE[HY000] [1045] Access denied for user 'root'@'localhost' (using password: YES) in D:\OpenServer\domains\Yiimessanger\framework\db\CDbConnection.php:399
Stack trace:
#0 D:\OpenServer\domains\Yiimessanger\framework\db\CDbConnection.php(347): CDbConnection->open()
#1 D:\OpenServer\domains\Yiimessanger\framework\db\CDbConnection.php(325): CDbConnection->setActive(true)
#2 D:\OpenServer\domains\Yiimessanger\framework\base\CModule.php(394): CDbConnection->init()
#3 D:\OpenServer\domains\Yiimessanger\framework\base\CModule.php(103): CModule->getComponent('db')
#4 D:\OpenServer\domains\Yiimessanger\framework\gii\generators\model\ModelCode.php(60): CModule->__get('db')
#5 D:\OpenServer\domains\Yiimessanger\framework\web\CFormModel.php(39): ModelCode->init()
#6 D:\OpenServer\domains\Yiimessanger\framework\gii\CCodeGenerator.php(153): CFormModel->__construct()
#7 D:\OpenServer\domains\Yiimessanger\framework\gii\CCodeGenerator.php(63): CCodeGenerator->prepare()
#8 D:\OpenServer\domains\Yiimessanger\framework\web\actions\CInlineAction.php(49): CCodeGenerator->actionIndex()
#9 D:\OpenServer\domains\Yiimessanger\framework\web\CController.php(308): CInlineAction->runWithParams(Array)
#10 D:\OpenServer\domains\Yiimessanger\framework\web\CController.php(286): CController->runAction(Object(CInlineAction))
#11 D:\OpenServer\domains\Yiimessanger\framework\web\CController.php(265): CController->runActionWithFilters(Object(CInlineAction), Array)
#12 D:\OpenServer\domains\Yiimessanger\framework\web\CWebApplication.php(282): CController->run('index')
#13 D:\OpenServer\domains\Yiimessanger\framework\web\CWebApplication.php(141): CWebApplication->runController('gii/model/index')
#14 D:\OpenServer\domains\Yiimessanger\framework\base\CApplication.php(185): CWebApplication->processRequest()
#15 D:\OpenServer\domains\Yiimessanger\Yiimessanger\index.php(13): CApplication->run()
#16 {main}
REQUEST_URI=/Yiimessanger/index.php?r=gii/model/index
HTTP_REFERER=http://yiimessanger/Yiimessanger/index.php?r=gii/default/index
---
2017/12/25 13:02:06 [error] [exception.CDbException] CDbException: CDbConnection failed to open the DB connection: SQLSTATE[HY000] [1045] Access denied for user 'root'@'localhost' (using password: YES) in D:\OpenServer\domains\Yiimessanger\framework\db\CDbConnection.php:399
Stack trace:
#0 D:\OpenServer\domains\Yiimessanger\framework\db\CDbConnection.php(347): CDbConnection->open()
#1 D:\OpenServer\domains\Yiimessanger\framework\db\CDbConnection.php(325): CDbConnection->setActive(true)
#2 D:\OpenServer\domains\Yiimessanger\framework\base\CModule.php(394): CDbConnection->init()
#3 D:\OpenServer\domains\Yiimessanger\framework\base\CModule.php(103): CModule->getComponent('db')
#4 D:\OpenServer\domains\Yiimessanger\framework\gii\generators\model\ModelCode.php(60): CModule->__get('db')
#5 D:\OpenServer\domains\Yiimessanger\framework\web\CFormModel.php(39): ModelCode->init()
#6 D:\OpenServer\domains\Yiimessanger\framework\gii\CCodeGenerator.php(153): CFormModel->__construct()
#7 D:\OpenServer\domains\Yiimessanger\framework\gii\CCodeGenerator.php(63): CCodeGenerator->prepare()
#8 D:\OpenServer\domains\Yiimessanger\framework\web\actions\CInlineAction.php(49): CCodeGenerator->actionIndex()
#9 D:\OpenServer\domains\Yiimessanger\framework\web\CController.php(308): CInlineAction->runWithParams(Array)
#10 D:\OpenServer\domains\Yiimessanger\framework\web\CController.php(286): CController->runAction(Object(CInlineAction))
#11 D:\OpenServer\domains\Yiimessanger\framework\web\CController.php(265): CController->runActionWithFilters(Object(CInlineAction), Array)
#12 D:\OpenServer\domains\Yiimessanger\framework\web\CWebApplication.php(282): CController->run('index')
#13 D:\OpenServer\domains\Yiimessanger\framework\web\CWebApplication.php(141): CWebApplication->runController('gii/model/index')
#14 D:\OpenServer\domains\Yiimessanger\framework\base\CApplication.php(185): CWebApplication->processRequest()
#15 D:\OpenServer\domains\Yiimessanger\Yiimessanger\index.php(13): CApplication->run()
#16 {main}
REQUEST_URI=/Yiimessanger/index.php?r=gii/model/index
HTTP_REFERER=http://yiimessanger/Yiimessanger/index.php?r=gii/default/index
---
2017/12/25 13:02:07 [error] [exception.CDbException] CDbException: CDbConnection failed to open the DB connection: SQLSTATE[HY000] [1045] Access denied for user 'root'@'localhost' (using password: YES) in D:\OpenServer\domains\Yiimessanger\framework\db\CDbConnection.php:399
Stack trace:
#0 D:\OpenServer\domains\Yiimessanger\framework\db\CDbConnection.php(347): CDbConnection->open()
#1 D:\OpenServer\domains\Yiimessanger\framework\db\CDbConnection.php(325): CDbConnection->setActive(true)
#2 D:\OpenServer\domains\Yiimessanger\framework\base\CModule.php(394): CDbConnection->init()
#3 D:\OpenServer\domains\Yiimessanger\framework\base\CModule.php(103): CModule->getComponent('db')
#4 D:\OpenServer\domains\Yiimessanger\framework\gii\generators\model\ModelCode.php(60): CModule->__get('db')
#5 D:\OpenServer\domains\Yiimessanger\framework\web\CFormModel.php(39): ModelCode->init()
#6 D:\OpenServer\domains\Yiimessanger\framework\gii\CCodeGenerator.php(153): CFormModel->__construct()
#7 D:\OpenServer\domains\Yiimessanger\framework\gii\CCodeGenerator.php(63): CCodeGenerator->prepare()
#8 D:\OpenServer\domains\Yiimessanger\framework\web\actions\CInlineAction.php(49): CCodeGenerator->actionIndex()
#9 D:\OpenServer\domains\Yiimessanger\framework\web\CController.php(308): CInlineAction->runWithParams(Array)
#10 D:\OpenServer\domains\Yiimessanger\framework\web\CController.php(286): CController->runAction(Object(CInlineAction))
#11 D:\OpenServer\domains\Yiimessanger\framework\web\CController.php(265): CController->runActionWithFilters(Object(CInlineAction), Array)
#12 D:\OpenServer\domains\Yiimessanger\framework\web\CWebApplication.php(282): CController->run('index')
#13 D:\OpenServer\domains\Yiimessanger\framework\web\CWebApplication.php(141): CWebApplication->runController('gii/model/index')
#14 D:\OpenServer\domains\Yiimessanger\framework\base\CApplication.php(185): CWebApplication->processRequest()
#15 D:\OpenServer\domains\Yiimessanger\Yiimessanger\index.php(13): CApplication->run()
#16 {main}
REQUEST_URI=/Yiimessanger/index.php?r=gii/model/index
HTTP_REFERER=http://yiimessanger/Yiimessanger/index.php?r=gii/default/index
---
2017/12/25 13:03:51 [error] [exception.CDbException] CDbException: CDbConnection failed to open the DB connection: SQLSTATE[HY000] [1045] Access denied for user 'root'@'localhost' (using password: YES) in D:\OpenServer\domains\Yiimessanger\framework\db\CDbConnection.php:399
Stack trace:
#0 D:\OpenServer\domains\Yiimessanger\framework\db\CDbConnection.php(347): CDbConnection->open()
#1 D:\OpenServer\domains\Yiimessanger\framework\db\CDbConnection.php(325): CDbConnection->setActive(true)
#2 D:\OpenServer\domains\Yiimessanger\framework\base\CModule.php(394): CDbConnection->init()
#3 D:\OpenServer\domains\Yiimessanger\framework\base\CModule.php(103): CModule->getComponent('db')
#4 D:\OpenServer\domains\Yiimessanger\framework\gii\generators\model\ModelCode.php(60): CModule->__get('db')
#5 D:\OpenServer\domains\Yiimessanger\framework\web\CFormModel.php(39): ModelCode->init()
#6 D:\OpenServer\domains\Yiimessanger\framework\gii\CCodeGenerator.php(153): CFormModel->__construct()
#7 D:\OpenServer\domains\Yiimessanger\framework\gii\CCodeGenerator.php(63): CCodeGenerator->prepare()
#8 D:\OpenServer\domains\Yiimessanger\framework\web\actions\CInlineAction.php(49): CCodeGenerator->actionIndex()
#9 D:\OpenServer\domains\Yiimessanger\framework\web\CController.php(308): CInlineAction->runWithParams(Array)
#10 D:\OpenServer\domains\Yiimessanger\framework\web\CController.php(286): CController->runAction(Object(CInlineAction))
#11 D:\OpenServer\domains\Yiimessanger\framework\web\CController.php(265): CController->runActionWithFilters(Object(CInlineAction), Array)
#12 D:\OpenServer\domains\Yiimessanger\framework\web\CWebApplication.php(282): CController->run('index')
#13 D:\OpenServer\domains\Yiimessanger\framework\web\CWebApplication.php(141): CWebApplication->runController('gii/model/index')
#14 D:\OpenServer\domains\Yiimessanger\framework\base\CApplication.php(185): CWebApplication->processRequest()
#15 D:\OpenServer\domains\Yiimessanger\Yiimessanger\index.php(13): CApplication->run()
#16 {main}
REQUEST_URI=/Yiimessanger/index.php?r=gii/model/index
HTTP_REFERER=http://yiimessanger/Yiimessanger/index.php?r=gii/default/index
---
2017/12/25 13:15:28 [error] [exception.CDbException] CDbException: CDbConnection failed to open the DB connection: SQLSTATE[HY000] [1045] Access denied for user 'root'@'localhost' (using password: YES) in D:\OpenServer\domains\Yiimessanger\framework\db\CDbConnection.php:399
Stack trace:
#0 D:\OpenServer\domains\Yiimessanger\framework\db\CDbConnection.php(347): CDbConnection->open()
#1 D:\OpenServer\domains\Yiimessanger\framework\db\CDbConnection.php(325): CDbConnection->setActive(true)
#2 D:\OpenServer\domains\Yiimessanger\framework\base\CModule.php(394): CDbConnection->init()
#3 D:\OpenServer\domains\Yiimessanger\framework\base\CModule.php(103): CModule->getComponent('db')
#4 D:\OpenServer\domains\Yiimessanger\framework\gii\generators\model\ModelCode.php(60): CModule->__get('db')
#5 D:\OpenServer\domains\Yiimessanger\framework\web\CFormModel.php(39): ModelCode->init()
#6 D:\OpenServer\domains\Yiimessanger\framework\gii\CCodeGenerator.php(153): CFormModel->__construct()
#7 D:\OpenServer\domains\Yiimessanger\framework\gii\CCodeGenerator.php(63): CCodeGenerator->prepare()
#8 D:\OpenServer\domains\Yiimessanger\framework\web\actions\CInlineAction.php(49): CCodeGenerator->actionIndex()
#9 D:\OpenServer\domains\Yiimessanger\framework\web\CController.php(308): CInlineAction->runWithParams(Array)
#10 D:\OpenServer\domains\Yiimessanger\framework\web\CController.php(286): CController->runAction(Object(CInlineAction))
#11 D:\OpenServer\domains\Yiimessanger\framework\web\CController.php(265): CController->runActionWithFilters(Object(CInlineAction), Array)
#12 D:\OpenServer\domains\Yiimessanger\framework\web\CWebApplication.php(282): CController->run('index')
#13 D:\OpenServer\domains\Yiimessanger\framework\web\CWebApplication.php(141): CWebApplication->runController('gii/model/index')
#14 D:\OpenServer\domains\Yiimessanger\framework\base\CApplication.php(185): CWebApplication->processRequest()
#15 D:\OpenServer\domains\Yiimessanger\Yiimessanger\index.php(13): CApplication->run()
#16 {main}
REQUEST_URI=/Yiimessanger/index.php?r=gii/model/index
HTTP_REFERER=http://yiimessanger/Yiimessanger/index.php?r=gii/controller/index
---
